<?xml version="1.0" encoding="UTF-8"?>
<coverage generated="1575590715993" clover="3.2.0">
  <project timestamp="1575590715993" name="All files">
    <metrics statements="12" coveredstatements="12" conditionals="0" coveredconditionals="0" methods="0" coveredmethods="0" elements="12" coveredelements="12" complexity="0" loc="12" ncloc="12" packages="1" files="4" classes="4"/>
    <file name="Car.js" path="/Users/matt/alchemy/career-track/ct-lab-04-mongoose-models/lib/models/Car.js">
      <metrics statements="3" coveredstatements="3" conditionals="0" coveredconditionals="0" methods="0" coveredmethods="0"/>
      <line num="1" count="1" type="stmt"/>
      <line num="3" count="1" type="stmt"/>
      <line num="14" count="1" type="stmt"/>
    </file>
    <file name="Color.js" path="/Users/matt/alchemy/career-track/ct-lab-04-mongoose-models/lib/models/Color.js">
      <metrics statements="3" coveredstatements="3" conditionals="0" coveredconditionals="0" methods="0" coveredmethods="0"/>
      <line num="1" count="1" type="stmt"/>
      <line num="3" count="1" type="stmt"/>
      <line num="28" count="1" type="stmt"/>
    </file>
    <file name="Dog.js" path="/Users/matt/alchemy/career-track/ct-lab-04-mongoose-models/lib/models/Dog.js">
      <metrics statements="3" coveredstatements="3" conditionals="0" coveredconditionals="0" methods="0" coveredmethods="0"/>
      <line num="1" count="1" type="stmt"/>
      <line num="3" count="1" type="stmt"/>
      <line num="14" count="1" type="stmt"/>
    </file>
    <file name="Gift.js" path="/Users/matt/alchemy/career-track/ct-lab-04-mongoose-models/lib/models/Gift.js">
      <metrics statements="3" coveredstatements="3" conditionals="0" coveredconditionals="0" methods="0" coveredmethods="0"/>
      <line num="1" count="1" type="stmt"/>
      <line num="3" count="1" type="stmt"/>
      <line num="14" count="1" type="stmt"/>
    </file>
  </project>
</coverage>
