{"/Users/matt/alchemy/career-track/ct-lab-04-mongoose-models/lib/models/Car.js": {"path":"/Users/matt/alchemy/career-track/ct-lab-04-mongoose-models/lib/models/Car.js","statementMap":{"0":{"start":{"line":1,"column":17},"end":{"line":1,"column":36}},"1":{"start":{"line":3,"column":15},"end":{"line":12,"column":2}},"2":{"start":{"line":14,"column":0},"end":{"line":14,"column":47}}},"fnMap":{},"branchMap":{},"s":{"0":1,"1":1,"2":1},"f":{},"b":{},"_coverageSchema":"43e27e138ebf9cfc5966b082cf9a028302ed4184","hash":"6da42741a1a55cf82148eb7631ecfffd9c7597fb"}
,"/Users/matt/alchemy/career-track/ct-lab-04-mongoose-models/lib/models/Color.js": {"path":"/Users/matt/alchemy/career-track/ct-lab-04-mongoose-models/lib/models/Color.js","statementMap":{"0":{"start":{"line":1,"column":17},"end":{"line":1,"column":36}},"1":{"start":{"line":3,"column":15},"end":{"line":26,"column":2}},"2":{"start":{"line":28,"column":0},"end":{"line":28,"column":49}}},"fnMap":{},"branchMap":{},"s":{"0":1,"1":1,"2":1},"f":{},"b":{},"_coverageSchema":"43e27e138ebf9cfc5966b082cf9a028302ed4184","hash":"e206c7fa8271a4a5de905b3bb9e44ecce331ba4b"}
,"/Users/matt/alchemy/career-track/ct-lab-04-mongoose-models/lib/models/Dog.js": {"path":"/Users/matt/alchemy/career-track/ct-lab-04-mongoose-models/lib/models/Dog.js","statementMap":{"0":{"start":{"line":1,"column":17},"end":{"line":1,"column":36}},"1":{"start":{"line":3,"column":15},"end":{"line":12,"column":2}},"2":{"start":{"line":14,"column":0},"end":{"line":14,"column":47}}},"fnMap":{},"branchMap":{},"s":{"0":1,"1":1,"2":1},"f":{},"b":{},"_coverageSchema":"43e27e138ebf9cfc5966b082cf9a028302ed4184","hash":"0d75c44b840acb7314d183e2c3a08d8f4cc1d918"}
}
